<?xml version="1.0" encoding="UTF-8"?>
<!-- Generated by org.testng.reporters.JUnitReportReporter -->
<testsuite hostname="LAPTOP-39C78SEU" failures="0" tests="1" name="com.tka.testcase.ActionClass_TC" time="21.600" errors="0" timestamp="2025-03-05T17:02:32 IST" skipped="0">
  <testcase classname="com.tka.testcase.ActionClass_TC" name="login" time="21.600"/>
</testsuite> <!-- com.tka.testcase.ActionClass_TC -->
