<?xml version="1.0" encoding="UTF-8"?>
<!-- Generated by org.testng.reporters.JUnitReportReporter -->
<testsuite hostname="LAPTOP-39C78SEU" failures="0" tests="2" name="com.tka.testcase.NewRegistration_TestCase" time="7.184" errors="0" timestamp="2025-02-21T16:39:20 IST" skipped="0">
  <testcase classname="com.tka.testcase.NewRegistration_TestCase" name="verify_newregistration" time="3.964"/>
  <testcase classname="com.tka.testcase.NewRegistration_TestCase" name="verify_Alert" time="3.220"/>
</testsuite> <!-- com.tka.testcase.NewRegistration_TestCase -->
