<?xml version="1.0" encoding="UTF-8"?>
<!-- Generated by org.testng.reporters.JUnitReportReporter -->
<testsuite hostname="LAPTOP-39C78SEU" failures="0" tests="3" name="com.tka.testcase.EgWithDriver" time="15.427" errors="0" timestamp="2025-03-03T17:24:55 IST" skipped="0">
  <testcase classname="com.tka.testcase.EgWithDriver" name="verifyNextPageTitle" time="8.257"/>
  <testcase classname="com.tka.testcase.EgWithDriver" name="verifyURL" time="3.347"/>
  <testcase classname="com.tka.testcase.EgWithDriver" name="verifyEmail_ById" time="3.823"/>
</testsuite> <!-- com.tka.testcase.EgWithDriver -->
