<?xml version="1.0" encoding="UTF-8"?>
<!-- Generated by org.testng.reporters.JUnitReportReporter -->
<testsuite hostname="LAPTOP-39C78SEU" failures="0" tests="1" name="com.tka.testcase.WaitDemo" time="4.518" errors="0" timestamp="2025-02-24T17:17:12 IST" skipped="0">
  <testcase classname="com.tka.testcase.WaitDemo" name="verify_dashboard_contents" time="4.518"/>
</testsuite> <!-- com.tka.testcase.WaitDemo -->
