<?xml version="1.0" encoding="UTF-8"?>
<!-- Generated by org.testng.reporters.JUnitReportReporter -->
<testsuite hostname="LAPTOP-39C78SEU" failures="0" tests="1" name="com.tka.testcase.ImplicitWaitDemo" time="7.441" errors="0" timestamp="2025-02-25T16:08:11 IST" skipped="0">
  <testcase classname="com.tka.testcase.ImplicitWaitDemo" name="verify_dashboard_contents" time="7.441"/>
</testsuite> <!-- com.tka.testcase.ImplicitWaitDemo -->
