<?xml version="1.0" encoding="UTF-8"?>
<!-- Generated by org.testng.reporters.JUnitReportReporter -->
<testsuite hostname="LAPTOP-39C78SEU" failures="0" tests="1" name="com.tka.com.tka.testcase.TC_AllAnnotations" time="6.066" errors="0" timestamp="2025-02-20T17:20:35 IST" skipped="0">
  <testcase classname="com.tka.com.tka.testcase.TC_AllAnnotations" name="f" time="6.066"/>
</testsuite> <!-- com.tka.com.tka.testcase.TC_AllAnnotations -->
