<?xml version="1.0" encoding="UTF-8"?>
<!-- Generated by org.testng.reporters.JUnitReportReporter -->
<testsuite hostname="LAPTOP-39C78SEU" failures="0" tests="2" name="com.tka.testcase.SoftAssertTC" time="0.004" errors="0" timestamp="2025-02-21T16:39:20 IST" skipped="0">
  <testcase classname="com.tka.testcase.SoftAssertTC" name="e_jbkTestcase_Two" time="0.003"/>
  <testcase classname="com.tka.testcase.SoftAssertTC" name="d_jbkTestcase_One" time="0.001"/>
</testsuite> <!-- com.tka.testcase.SoftAssertTC -->
