<?xml version="1.0" encoding="UTF-8"?>
<!-- Generated by org.testng.reporters.JUnitReportReporter -->
<testsuite hostname="LAPTOP-39C78SEU" failures="0" tests="4" name="com.tka.testcase.DyamicXpath" time="22.213" errors="0" timestamp="2025-02-21T16:39:20 IST" skipped="0">
  <testcase classname="com.tka.testcase.DyamicXpath" name="verifyText_Dashboard_Selenium" time="6.382"/>
  <testcase classname="com.tka.testcase.DyamicXpath" name="verifyPasswordBox" time="6.026"/>
  <testcase classname="com.tka.testcase.DyamicXpath" name="verifyText_Dashboard_Users" time="6.095"/>
  <testcase classname="com.tka.testcase.DyamicXpath" name="verify_newregistration" time="3.710"/>
</testsuite> <!-- com.tka.testcase.DyamicXpath -->
