<?xml version="1.0" encoding="UTF-8"?>
<!-- Generated by org.testng.reporters.JUnitReportReporter -->
<testsuite hostname="LAPTOP-39C78SEU" failures="0" tests="1" name="com.tka.testcase.ExplicitWaitDemo" time="11.374" errors="0" timestamp="2025-02-24T17:15:45 IST" skipped="0">
  <testcase classname="com.tka.testcase.ExplicitWaitDemo" name="verify_dashboard_contents" time="11.374"/>
</testsuite> <!-- com.tka.testcase.ExplicitWaitDemo -->
