<?xml version="1.0" encoding="UTF-8"?>
<!-- Generated by org.testng.reporters.JUnitReportReporter -->
<testsuite hostname="LAPTOP-39C78SEU" failures="0" tests="1" name="com.tka.testcase.NewTest" time="6.776" errors="0" timestamp="2025-02-21T16:39:20 IST" skipped="0">
  <testcase classname="com.tka.testcase.NewTest" name="f" time="6.776"/>
</testsuite> <!-- com.tka.testcase.NewTest -->
